Started GET "/" for ::1 at 2017-02-22 15:59:38 -0500
Processing by Rails::WelcomeController#index as HTML
  Parameters: {"internal"=>true}
  Rendering /Users/kasubaghasridvr/.rbenv/versions/2.3.1/lib/ruby/gems/2.3.0/gems/railties-5.0.1/lib/rails/templates/rails/welcome/index.html.erb
  Rendered /Users/kasubaghasridvr/.rbenv/versions/2.3.1/lib/ruby/gems/2.3.0/gems/railties-5.0.1/lib/rails/templates/rails/welcome/index.html.erb (4.2ms)
Completed 200 OK in 20ms (Views: 9.9ms)


Started GET "/" for ::1 at 2017-02-22 16:00:37 -0500
Processing by Rails::WelcomeController#index as HTML
  Parameters: {"internal"=>true}
  Rendering /Users/kasubaghasridvr/.rbenv/versions/2.3.1/lib/ruby/gems/2.3.0/gems/railties-5.0.1/lib/rails/templates/rails/welcome/index.html.erb
  Rendered /Users/kasubaghasridvr/.rbenv/versions/2.3.1/lib/ruby/gems/2.3.0/gems/railties-5.0.1/lib/rails/templates/rails/welcome/index.html.erb (4.1ms)
Completed 200 OK in 19ms (Views: 9.7ms)


Started GET "/" for ::1 at 2017-02-22 16:13:04 -0500
Processing by Rails::WelcomeController#index as HTML
  Parameters: {"internal"=>true}
  Rendering /Users/kasubaghasridvr/.rbenv/versions/2.3.1/lib/ruby/gems/2.3.0/gems/railties-5.0.1/lib/rails/templates/rails/welcome/index.html.erb
  Rendered /Users/kasubaghasridvr/.rbenv/versions/2.3.1/lib/ruby/gems/2.3.0/gems/railties-5.0.1/lib/rails/templates/rails/welcome/index.html.erb (3.6ms)
Completed 200 OK in 20ms (Views: 8.2ms)


Started GET "/" for ::1 at 2017-02-22 16:48:04 -0500
Processing by Rails::WelcomeController#index as HTML
  Parameters: {"internal"=>true}
  Rendering /Users/kasubaghasridvr/.rbenv/versions/2.3.1/lib/ruby/gems/2.3.0/gems/railties-5.0.1/lib/rails/templates/rails/welcome/index.html.erb
  Rendered /Users/kasubaghasridvr/.rbenv/versions/2.3.1/lib/ruby/gems/2.3.0/gems/railties-5.0.1/lib/rails/templates/rails/welcome/index.html.erb (4.2ms)
Completed 200 OK in 20ms (Views: 10.1ms)


Started GET "/regulatory_informations/" for ::1 at 2017-02-22 16:48:10 -0500
Processing by RegulatoryInformationsController#index as HTML
Completed 500 Internal Server Error in 2ms


  
NameError (uninitialized constant RegulatoryInformationsController::RegulatoryInformation):
  
app/controllers/regulatory_informations_controller.rb:7:in `index'
  Rendering /Users/kasubaghasridvr/.rbenv/versions/2.3.1/lib/ruby/gems/2.3.0/gems/actionpack-5.0.1/lib/action_dispatch/middleware/templates/rescues/diagnostics.html.erb within rescues/layout
  Rendering /Users/kasubaghasridvr/.rbenv/versions/2.3.1/lib/ruby/gems/2.3.0/gems/actionpack-5.0.1/lib/action_dispatch/middleware/templates/rescues/_source.html.erb
  Rendered /Users/kasubaghasridvr/.rbenv/versions/2.3.1/lib/ruby/gems/2.3.0/gems/actionpack-5.0.1/lib/action_dispatch/middleware/templates/rescues/_source.html.erb (3.3ms)
  Rendering /Users/kasubaghasridvr/.rbenv/versions/2.3.1/lib/ruby/gems/2.3.0/gems/actionpack-5.0.1/lib/action_dispatch/middleware/templates/rescues/_trace.html.erb
  Rendered /Users/kasubaghasridvr/.rbenv/versions/2.3.1/lib/ruby/gems/2.3.0/gems/actionpack-5.0.1/lib/action_dispatch/middleware/templates/rescues/_trace.html.erb (1.8ms)
  Rendering /Users/kasubaghasridvr/.rbenv/versions/2.3.1/lib/ruby/gems/2.3.0/gems/actionpack-5.0.1/lib/action_dispatch/middleware/templates/rescues/_request_and_response.html.erb
  Rendered /Users/kasubaghasridvr/.rbenv/versions/2.3.1/lib/ruby/gems/2.3.0/gems/actionpack-5.0.1/lib/action_dispatch/middleware/templates/rescues/_request_and_response.html.erb (0.9ms)
  Rendered /Users/kasubaghasridvr/.rbenv/versions/2.3.1/lib/ruby/gems/2.3.0/gems/actionpack-5.0.1/lib/action_dispatch/middleware/templates/rescues/diagnostics.html.erb within rescues/layout (69.9ms)
Started GET "/regulatory_informations/:1" for ::1 at 2017-02-22 16:48:19 -0500
Processing by RegulatoryInformationsController#show as HTML
  Parameters: {"id"=>":1"}
Completed 500 Internal Server Error in 1ms


  
NameError (uninitialized constant RegulatoryInformationsController::RegulatoryInformation):
  
app/controllers/regulatory_informations_controller.rb:67:in `set_regulatory_information'
  Rendering /Users/kasubaghasridvr/.rbenv/versions/2.3.1/lib/ruby/gems/2.3.0/gems/actionpack-5.0.1/lib/action_dispatch/middleware/templates/rescues/diagnostics.html.erb within rescues/layout
  Rendering /Users/kasubaghasridvr/.rbenv/versions/2.3.1/lib/ruby/gems/2.3.0/gems/actionpack-5.0.1/lib/action_dispatch/middleware/templates/rescues/_source.html.erb
  Rendered /Users/kasubaghasridvr/.rbenv/versions/2.3.1/lib/ruby/gems/2.3.0/gems/actionpack-5.0.1/lib/action_dispatch/middleware/templates/rescues/_source.html.erb (3.1ms)
  Rendering /Users/kasubaghasridvr/.rbenv/versions/2.3.1/lib/ruby/gems/2.3.0/gems/actionpack-5.0.1/lib/action_dispatch/middleware/templates/rescues/_trace.html.erb
  Rendered /Users/kasubaghasridvr/.rbenv/versions/2.3.1/lib/ruby/gems/2.3.0/gems/actionpack-5.0.1/lib/action_dispatch/middleware/templates/rescues/_trace.html.erb (1.5ms)
  Rendering /Users/kasubaghasridvr/.rbenv/versions/2.3.1/lib/ruby/gems/2.3.0/gems/actionpack-5.0.1/lib/action_dispatch/middleware/templates/rescues/_request_and_response.html.erb
  Rendered /Users/kasubaghasridvr/.rbenv/versions/2.3.1/lib/ruby/gems/2.3.0/gems/actionpack-5.0.1/lib/action_dispatch/middleware/templates/rescues/_request_and_response.html.erb (0.8ms)
  Rendered /Users/kasubaghasridvr/.rbenv/versions/2.3.1/lib/ruby/gems/2.3.0/gems/actionpack-5.0.1/lib/action_dispatch/middleware/templates/rescues/diagnostics.html.erb within rescues/layout (56.4ms)
Started GET "/regulatory_informations" for ::1 at 2017-02-22 16:49:10 -0500
Processing by RegulatoryInformationsController#index as HTML
Completed 500 Internal Server Error in 2ms


  
NameError (uninitialized constant RegulatoryInformationsController::RegulatoryInformation):
  
app/controllers/regulatory_informations_controller.rb:7:in `index'
  Rendering /Users/kasubaghasridvr/.rbenv/versions/2.3.1/lib/ruby/gems/2.3.0/gems/actionpack-5.0.1/lib/action_dispatch/middleware/templates/rescues/diagnostics.html.erb within rescues/layout
  Rendering /Users/kasubaghasridvr/.rbenv/versions/2.3.1/lib/ruby/gems/2.3.0/gems/actionpack-5.0.1/lib/action_dispatch/middleware/templates/rescues/_source.html.erb
  Rendered /Users/kasubaghasridvr/.rbenv/versions/2.3.1/lib/ruby/gems/2.3.0/gems/actionpack-5.0.1/lib/action_dispatch/middleware/templates/rescues/_source.html.erb (2.4ms)
  Rendering /Users/kasubaghasridvr/.rbenv/versions/2.3.1/lib/ruby/gems/2.3.0/gems/actionpack-5.0.1/lib/action_dispatch/middleware/templates/rescues/_trace.html.erb
  Rendered /Users/kasubaghasridvr/.rbenv/versions/2.3.1/lib/ruby/gems/2.3.0/gems/actionpack-5.0.1/lib/action_dispatch/middleware/templates/rescues/_trace.html.erb (1.4ms)
  Rendering /Users/kasubaghasridvr/.rbenv/versions/2.3.1/lib/ruby/gems/2.3.0/gems/actionpack-5.0.1/lib/action_dispatch/middleware/templates/rescues/_request_and_response.html.erb
  Rendered /Users/kasubaghasridvr/.rbenv/versions/2.3.1/lib/ruby/gems/2.3.0/gems/actionpack-5.0.1/lib/action_dispatch/middleware/templates/rescues/_request_and_response.html.erb (0.6ms)
  Rendered /Users/kasubaghasridvr/.rbenv/versions/2.3.1/lib/ruby/gems/2.3.0/gems/actionpack-5.0.1/lib/action_dispatch/middleware/templates/rescues/diagnostics.html.erb within rescues/layout (57.2ms)
Started GET "/regulatory_informations/new" for ::1 at 2017-02-22 16:49:16 -0500
Processing by RegulatoryInformationsController#new as HTML
Completed 500 Internal Server Error in 2ms


  
NameError (uninitialized constant RegulatoryInformationsController::RegulatoryInformation):
  
app/controllers/regulatory_informations_controller.rb:17:in `new'
  Rendering /Users/kasubaghasridvr/.rbenv/versions/2.3.1/lib/ruby/gems/2.3.0/gems/actionpack-5.0.1/lib/action_dispatch/middleware/templates/rescues/diagnostics.html.erb within rescues/layout
  Rendering /Users/kasubaghasridvr/.rbenv/versions/2.3.1/lib/ruby/gems/2.3.0/gems/actionpack-5.0.1/lib/action_dispatch/middleware/templates/rescues/_source.html.erb
  Rendered /Users/kasubaghasridvr/.rbenv/versions/2.3.1/lib/ruby/gems/2.3.0/gems/actionpack-5.0.1/lib/action_dispatch/middleware/templates/rescues/_source.html.erb (2.4ms)
  Rendering /Users/kasubaghasridvr/.rbenv/versions/2.3.1/lib/ruby/gems/2.3.0/gems/actionpack-5.0.1/lib/action_dispatch/middleware/templates/rescues/_trace.html.erb
  Rendered /Users/kasubaghasridvr/.rbenv/versions/2.3.1/lib/ruby/gems/2.3.0/gems/actionpack-5.0.1/lib/action_dispatch/middleware/templates/rescues/_trace.html.erb (1.2ms)
  Rendering /Users/kasubaghasridvr/.rbenv/versions/2.3.1/lib/ruby/gems/2.3.0/gems/actionpack-5.0.1/lib/action_dispatch/middleware/templates/rescues/_request_and_response.html.erb
  Rendered /Users/kasubaghasridvr/.rbenv/versions/2.3.1/lib/ruby/gems/2.3.0/gems/actionpack-5.0.1/lib/action_dispatch/middleware/templates/rescues/_request_and_response.html.erb (0.6ms)
  Rendered /Users/kasubaghasridvr/.rbenv/versions/2.3.1/lib/ruby/gems/2.3.0/gems/actionpack-5.0.1/lib/action_dispatch/middleware/templates/rescues/diagnostics.html.erb within rescues/layout (56.8ms)
Started POST "/__web_console/repl_sessions/86b3116c0eb7697da5763a2ff51d35e2/trace" for ::1 at 2017-02-22 16:49:22 -0500
Started POST "/__web_console/repl_sessions/86b3116c0eb7697da5763a2ff51d35e2/trace" for ::1 at 2017-02-22 16:49:25 -0500
Started GET "/" for ::1 at 2017-02-22 23:25:34 -0500
Processing by Rails::WelcomeController#index as HTML
  Parameters: {"internal"=>true}
  Rendering /Users/kasubaghasridvr/.rbenv/versions/2.3.1/lib/ruby/gems/2.3.0/gems/railties-5.0.1/lib/rails/templates/rails/welcome/index.html.erb
  Rendered /Users/kasubaghasridvr/.rbenv/versions/2.3.1/lib/ruby/gems/2.3.0/gems/railties-5.0.1/lib/rails/templates/rails/welcome/index.html.erb (3.5ms)
Completed 200 OK in 16ms (Views: 7.8ms)


Started GET "/regulatory_informations/new" for ::1 at 2017-02-22 23:26:14 -0500
Processing by RegulatoryInformationsController#new as HTML
Completed 500 Internal Server Error in 8ms


  
NameError (uninitialized constant RegulatoryInformationsController::RegulatoryInformation):
  
app/controllers/regulatory_informations_controller.rb:17:in `new'
  Rendering /Users/kasubaghasridvr/.rbenv/versions/2.3.1/lib/ruby/gems/2.3.0/gems/actionpack-5.0.1/lib/action_dispatch/middleware/templates/rescues/diagnostics.html.erb within rescues/layout
  Rendering /Users/kasubaghasridvr/.rbenv/versions/2.3.1/lib/ruby/gems/2.3.0/gems/actionpack-5.0.1/lib/action_dispatch/middleware/templates/rescues/_source.html.erb
  Rendered /Users/kasubaghasridvr/.rbenv/versions/2.3.1/lib/ruby/gems/2.3.0/gems/actionpack-5.0.1/lib/action_dispatch/middleware/templates/rescues/_source.html.erb (2.7ms)
  Rendering /Users/kasubaghasridvr/.rbenv/versions/2.3.1/lib/ruby/gems/2.3.0/gems/actionpack-5.0.1/lib/action_dispatch/middleware/templates/rescues/_trace.html.erb
  Rendered /Users/kasubaghasridvr/.rbenv/versions/2.3.1/lib/ruby/gems/2.3.0/gems/actionpack-5.0.1/lib/action_dispatch/middleware/templates/rescues/_trace.html.erb (1.1ms)
  Rendering /Users/kasubaghasridvr/.rbenv/versions/2.3.1/lib/ruby/gems/2.3.0/gems/actionpack-5.0.1/lib/action_dispatch/middleware/templates/rescues/_request_and_response.html.erb
  Rendered /Users/kasubaghasridvr/.rbenv/versions/2.3.1/lib/ruby/gems/2.3.0/gems/actionpack-5.0.1/lib/action_dispatch/middleware/templates/rescues/_request_and_response.html.erb (0.8ms)
  Rendered /Users/kasubaghasridvr/.rbenv/versions/2.3.1/lib/ruby/gems/2.3.0/gems/actionpack-5.0.1/lib/action_dispatch/middleware/templates/rescues/diagnostics.html.erb within rescues/layout (64.2ms)
Started GET "/regulatory_informations" for ::1 at 2017-02-23 01:24:10 -0500
  
ActionController::RoutingError (undefined local variable or method `client' for RegulatoryInformationsController:Class):
  
app/controllers/regulatory_informations_controller.rb:68:in `<class:RegulatoryInformationsController>'
app/controllers/regulatory_informations_controller.rb:3:in `<top (required)>'
  Rendering /Users/kasubaghasridvr/.rbenv/versions/2.3.1/lib/ruby/gems/2.3.0/gems/actionpack-5.0.1/lib/action_dispatch/middleware/templates/rescues/routing_error.html.erb within rescues/layout
  Rendering /Users/kasubaghasridvr/.rbenv/versions/2.3.1/lib/ruby/gems/2.3.0/gems/actionpack-5.0.1/lib/action_dispatch/middleware/templates/rescues/_trace.html.erb
  Rendered /Users/kasubaghasridvr/.rbenv/versions/2.3.1/lib/ruby/gems/2.3.0/gems/actionpack-5.0.1/lib/action_dispatch/middleware/templates/rescues/_trace.html.erb (1.4ms)
  Rendered collection of /Users/kasubaghasridvr/.rbenv/versions/2.3.1/lib/ruby/gems/2.3.0/gems/actionpack-5.0.1/lib/action_dispatch/middleware/templates/routes/_route.html.erb [8 times] (7.0ms)
  Rendered /Users/kasubaghasridvr/.rbenv/versions/2.3.1/lib/ruby/gems/2.3.0/gems/actionpack-5.0.1/lib/action_dispatch/middleware/templates/routes/_table.html.erb (6.9ms)
  Rendering /Users/kasubaghasridvr/.rbenv/versions/2.3.1/lib/ruby/gems/2.3.0/gems/actionpack-5.0.1/lib/action_dispatch/middleware/templates/rescues/_request_and_response.html.erb
  Rendered /Users/kasubaghasridvr/.rbenv/versions/2.3.1/lib/ruby/gems/2.3.0/gems/actionpack-5.0.1/lib/action_dispatch/middleware/templates/rescues/_request_and_response.html.erb (8.0ms)
  Rendered /Users/kasubaghasridvr/.rbenv/versions/2.3.1/lib/ruby/gems/2.3.0/gems/actionpack-5.0.1/lib/action_dispatch/middleware/templates/rescues/routing_error.html.erb within rescues/layout (101.2ms)
Started GET "/regulatory_informations" for ::1 at 2017-02-23 01:25:08 -0500
  
ActionController::RoutingError (undefined local variable or method `client' for RegulatoryInformationsController:Class):
  
app/controllers/regulatory_informations_controller.rb:69:in `<class:RegulatoryInformationsController>'
app/controllers/regulatory_informations_controller.rb:3:in `<top (required)>'
  Rendering /Users/kasubaghasridvr/.rbenv/versions/2.3.1/lib/ruby/gems/2.3.0/gems/actionpack-5.0.1/lib/action_dispatch/middleware/templates/rescues/routing_error.html.erb within rescues/layout
  Rendering /Users/kasubaghasridvr/.rbenv/versions/2.3.1/lib/ruby/gems/2.3.0/gems/actionpack-5.0.1/lib/action_dispatch/middleware/templates/rescues/_trace.html.erb
  Rendered /Users/kasubaghasridvr/.rbenv/versions/2.3.1/lib/ruby/gems/2.3.0/gems/actionpack-5.0.1/lib/action_dispatch/middleware/templates/rescues/_trace.html.erb (1.6ms)
  Rendered collection of /Users/kasubaghasridvr/.rbenv/versions/2.3.1/lib/ruby/gems/2.3.0/gems/actionpack-5.0.1/lib/action_dispatch/middleware/templates/routes/_route.html.erb [8 times] (2.6ms)
  Rendered /Users/kasubaghasridvr/.rbenv/versions/2.3.1/lib/ruby/gems/2.3.0/gems/actionpack-5.0.1/lib/action_dispatch/middleware/templates/routes/_table.html.erb (7.2ms)
  Rendering /Users/kasubaghasridvr/.rbenv/versions/2.3.1/lib/ruby/gems/2.3.0/gems/actionpack-5.0.1/lib/action_dispatch/middleware/templates/rescues/_request_and_response.html.erb
  Rendered /Users/kasubaghasridvr/.rbenv/versions/2.3.1/lib/ruby/gems/2.3.0/gems/actionpack-5.0.1/lib/action_dispatch/middleware/templates/rescues/_request_and_response.html.erb (8.0ms)
  Rendered /Users/kasubaghasridvr/.rbenv/versions/2.3.1/lib/ruby/gems/2.3.0/gems/actionpack-5.0.1/lib/action_dispatch/middleware/templates/rescues/routing_error.html.erb within rescues/layout (93.4ms)
Started GET "/regulatory_informations" for ::1 at 2017-02-23 01:25:29 -0500
Processing by RegulatoryInformationsController#index as HTML
  Rendering regulatory_informations/index.html.erb within layouts/application
  Rendered regulatory_informations/index.html.erb within layouts/application (4.3ms)
Completed 500 Internal Server Error in 18ms


  
ActionView::Template::Error (undefined method `each' for nil:NilClass):
    16:   </thead>
    17: 
    18:   <tbody>
    19:     <% @regulatory_informations.each do |regulatory_information| %>
    20:       <tr>
    21:         <td><%= regulatory_information.nci_id %></td>
    22:         <td><%= regulatory_information.fda_regulated_drug %></td>
  
app/views/regulatory_informations/index.html.erb:19:in `_app_views_regulatory_informations_index_html_erb___372213532561369433_70271986680640'
  Rendering /Users/kasubaghasridvr/.rbenv/versions/2.3.1/lib/ruby/gems/2.3.0/gems/actionpack-5.0.1/lib/action_dispatch/middleware/templates/rescues/template_error.html.erb within rescues/layout
  Rendering /Users/kasubaghasridvr/.rbenv/versions/2.3.1/lib/ruby/gems/2.3.0/gems/actionpack-5.0.1/lib/action_dispatch/middleware/templates/rescues/_source.html.erb
  Rendered /Users/kasubaghasridvr/.rbenv/versions/2.3.1/lib/ruby/gems/2.3.0/gems/actionpack-5.0.1/lib/action_dispatch/middleware/templates/rescues/_source.html.erb (3.9ms)
  Rendering /Users/kasubaghasridvr/.rbenv/versions/2.3.1/lib/ruby/gems/2.3.0/gems/actionpack-5.0.1/lib/action_dispatch/middleware/templates/rescues/_trace.html.erb
  Rendered /Users/kasubaghasridvr/.rbenv/versions/2.3.1/lib/ruby/gems/2.3.0/gems/actionpack-5.0.1/lib/action_dispatch/middleware/templates/rescues/_trace.html.erb (2.0ms)
  Rendering /Users/kasubaghasridvr/.rbenv/versions/2.3.1/lib/ruby/gems/2.3.0/gems/actionpack-5.0.1/lib/action_dispatch/middleware/templates/rescues/_request_and_response.html.erb
  Rendered /Users/kasubaghasridvr/.rbenv/versions/2.3.1/lib/ruby/gems/2.3.0/gems/actionpack-5.0.1/lib/action_dispatch/middleware/templates/rescues/_request_and_response.html.erb (0.7ms)
  Rendered /Users/kasubaghasridvr/.rbenv/versions/2.3.1/lib/ruby/gems/2.3.0/gems/actionpack-5.0.1/lib/action_dispatch/middleware/templates/rescues/template_error.html.erb within rescues/layout (61.6ms)
Started GET "/regulatory_informations" for ::1 at 2017-02-23 01:26:39 -0500
Processing by RegulatoryInformationsController#index as HTML
  Rendering regulatory_informations/index.html.erb within layouts/application
  Rendered regulatory_informations/index.html.erb within layouts/application (4.7ms)
Completed 500 Internal Server Error in 19ms


  
ActionView::Template::Error (undefined method `each' for nil:NilClass):
    16:   </thead>
    17: 
    18:   <tbody>
    19:     <% @regulatory_informations.each do |regulatory_information| %>
    20:       <tr>
    21:         <td><%= regulatory_information.nci_id %></td>
    22:         <td><%= regulatory_information.fda_regulated_drug %></td>
  
app/views/regulatory_informations/index.html.erb:19:in `_app_views_regulatory_informations_index_html_erb__3353550186635280736_70223997406720'
  Rendering /Users/kasubaghasridvr/.rbenv/versions/2.3.1/lib/ruby/gems/2.3.0/gems/actionpack-5.0.1/lib/action_dispatch/middleware/templates/rescues/template_error.html.erb within rescues/layout
  Rendering /Users/kasubaghasridvr/.rbenv/versions/2.3.1/lib/ruby/gems/2.3.0/gems/actionpack-5.0.1/lib/action_dispatch/middleware/templates/rescues/_source.html.erb
  Rendered /Users/kasubaghasridvr/.rbenv/versions/2.3.1/lib/ruby/gems/2.3.0/gems/actionpack-5.0.1/lib/action_dispatch/middleware/templates/rescues/_source.html.erb (4.3ms)
  Rendering /Users/kasubaghasridvr/.rbenv/versions/2.3.1/lib/ruby/gems/2.3.0/gems/actionpack-5.0.1/lib/action_dispatch/middleware/templates/rescues/_trace.html.erb
  Rendered /Users/kasubaghasridvr/.rbenv/versions/2.3.1/lib/ruby/gems/2.3.0/gems/actionpack-5.0.1/lib/action_dispatch/middleware/templates/rescues/_trace.html.erb (1.6ms)
  Rendering /Users/kasubaghasridvr/.rbenv/versions/2.3.1/lib/ruby/gems/2.3.0/gems/actionpack-5.0.1/lib/action_dispatch/middleware/templates/rescues/_request_and_response.html.erb
  Rendered /Users/kasubaghasridvr/.rbenv/versions/2.3.1/lib/ruby/gems/2.3.0/gems/actionpack-5.0.1/lib/action_dispatch/middleware/templates/rescues/_request_and_response.html.erb (0.9ms)
  Rendered /Users/kasubaghasridvr/.rbenv/versions/2.3.1/lib/ruby/gems/2.3.0/gems/actionpack-5.0.1/lib/action_dispatch/middleware/templates/rescues/template_error.html.erb within rescues/layout (66.1ms)
Started GET "/regulatory_informations" for ::1 at 2017-02-23 01:33:38 -0500
Processing by RegulatoryInformationsController#index as HTML
  Rendering regulatory_informations/index.html.erb within layouts/application
  Rendered regulatory_informations/index.html.erb within layouts/application (4.7ms)
Completed 500 Internal Server Error in 20ms


  
ActionView::Template::Error (undefined method `each' for nil:NilClass):
    16:   </thead>
    17: 
    18:   <tbody>
    19:     <% @regulatory_informations.each do |regulatory_information| %>
    20:       <tr>
    21:         <td><%= regulatory_information.nci_id %></td>
    22:         <td><%= regulatory_information.fda_regulated_drug %></td>
  
app/views/regulatory_informations/index.html.erb:19:in `_app_views_regulatory_informations_index_html_erb__3204301198468527827_70281306695820'
  Rendering /Users/kasubaghasridvr/.rbenv/versions/2.3.1/lib/ruby/gems/2.3.0/gems/actionpack-5.0.1/lib/action_dispatch/middleware/templates/rescues/template_error.html.erb within rescues/layout
  Rendering /Users/kasubaghasridvr/.rbenv/versions/2.3.1/lib/ruby/gems/2.3.0/gems/actionpack-5.0.1/lib/action_dispatch/middleware/templates/rescues/_source.html.erb
  Rendered /Users/kasubaghasridvr/.rbenv/versions/2.3.1/lib/ruby/gems/2.3.0/gems/actionpack-5.0.1/lib/action_dispatch/middleware/templates/rescues/_source.html.erb (4.1ms)
  Rendering /Users/kasubaghasridvr/.rbenv/versions/2.3.1/lib/ruby/gems/2.3.0/gems/actionpack-5.0.1/lib/action_dispatch/middleware/templates/rescues/_trace.html.erb
  Rendered /Users/kasubaghasridvr/.rbenv/versions/2.3.1/lib/ruby/gems/2.3.0/gems/actionpack-5.0.1/lib/action_dispatch/middleware/templates/rescues/_trace.html.erb (1.7ms)
  Rendering /Users/kasubaghasridvr/.rbenv/versions/2.3.1/lib/ruby/gems/2.3.0/gems/actionpack-5.0.1/lib/action_dispatch/middleware/templates/rescues/_request_and_response.html.erb
  Rendered /Users/kasubaghasridvr/.rbenv/versions/2.3.1/lib/ruby/gems/2.3.0/gems/actionpack-5.0.1/lib/action_dispatch/middleware/templates/rescues/_request_and_response.html.erb (0.9ms)
  Rendered /Users/kasubaghasridvr/.rbenv/versions/2.3.1/lib/ruby/gems/2.3.0/gems/actionpack-5.0.1/lib/action_dispatch/middleware/templates/rescues/template_error.html.erb within rescues/layout (61.6ms)
Started GET "/regulatory_informations" for ::1 at 2017-02-23 01:34:30 -0500
Processing by RegulatoryInformationsController#index as HTML
  Rendering regulatory_informations/index.html.erb within layouts/application
  Rendered regulatory_informations/index.html.erb within layouts/application (4.2ms)
Completed 500 Internal Server Error in 18ms


  
ActionView::Template::Error (undefined method `each' for nil:NilClass):
    16:   </thead>
    17: 
    18:   <tbody>
    19:     <% @regulatory_informations.each do |regulatory_information| %>
    20:       <tr>
    21:         <td><%= regulatory_information.nci_id %></td>
    22:         <td><%= regulatory_information.fda_regulated_drug %></td>
  
app/views/regulatory_informations/index.html.erb:19:in `_app_views_regulatory_informations_index_html_erb__1597014352068716785_70205705993900'
  Rendering /Users/kasubaghasridvr/.rbenv/versions/2.3.1/lib/ruby/gems/2.3.0/gems/actionpack-5.0.1/lib/action_dispatch/middleware/templates/rescues/template_error.html.erb within rescues/layout
  Rendering /Users/kasubaghasridvr/.rbenv/versions/2.3.1/lib/ruby/gems/2.3.0/gems/actionpack-5.0.1/lib/action_dispatch/middleware/templates/rescues/_source.html.erb
  Rendered /Users/kasubaghasridvr/.rbenv/versions/2.3.1/lib/ruby/gems/2.3.0/gems/actionpack-5.0.1/lib/action_dispatch/middleware/templates/rescues/_source.html.erb (4.4ms)
  Rendering /Users/kasubaghasridvr/.rbenv/versions/2.3.1/lib/ruby/gems/2.3.0/gems/actionpack-5.0.1/lib/action_dispatch/middleware/templates/rescues/_trace.html.erb
  Rendered /Users/kasubaghasridvr/.rbenv/versions/2.3.1/lib/ruby/gems/2.3.0/gems/actionpack-5.0.1/lib/action_dispatch/middleware/templates/rescues/_trace.html.erb (1.8ms)
  Rendering /Users/kasubaghasridvr/.rbenv/versions/2.3.1/lib/ruby/gems/2.3.0/gems/actionpack-5.0.1/lib/action_dispatch/middleware/templates/rescues/_request_and_response.html.erb
  Rendered /Users/kasubaghasridvr/.rbenv/versions/2.3.1/lib/ruby/gems/2.3.0/gems/actionpack-5.0.1/lib/action_dispatch/middleware/templates/rescues/_request_and_response.html.erb (0.7ms)
  Rendered /Users/kasubaghasridvr/.rbenv/versions/2.3.1/lib/ruby/gems/2.3.0/gems/actionpack-5.0.1/lib/action_dispatch/middleware/templates/rescues/template_error.html.erb within rescues/layout (62.1ms)
Started GET "/regulatory_informations" for ::1 at 2017-02-23 01:35:07 -0500
Processing by RegulatoryInformationsController#index as HTML
  Rendering regulatory_informations/index.html.erb within layouts/application
  Rendered regulatory_informations/index.html.erb within layouts/application (4.0ms)
Completed 500 Internal Server Error in 18ms


  
ActionView::Template::Error (undefined method `each' for nil:NilClass):
    16:   </thead>
    17: 
    18:   <tbody>
    19:     <% @regulatory_informations.each do |regulatory_information| %>
    20:       <tr>
    21:         <td><%= regulatory_information.nci_id %></td>
    22:         <td><%= regulatory_information.fda_regulated_drug %></td>
  
app/views/regulatory_informations/index.html.erb:19:in `_app_views_regulatory_informations_index_html_erb__3113024498801093609_70161618753160'
  Rendering /Users/kasubaghasridvr/.rbenv/versions/2.3.1/lib/ruby/gems/2.3.0/gems/actionpack-5.0.1/lib/action_dispatch/middleware/templates/rescues/template_error.html.erb within rescues/layout
  Rendering /Users/kasubaghasridvr/.rbenv/versions/2.3.1/lib/ruby/gems/2.3.0/gems/actionpack-5.0.1/lib/action_dispatch/middleware/templates/rescues/_source.html.erb
  Rendered /Users/kasubaghasridvr/.rbenv/versions/2.3.1/lib/ruby/gems/2.3.0/gems/actionpack-5.0.1/lib/action_dispatch/middleware/templates/rescues/_source.html.erb (4.5ms)
  Rendering /Users/kasubaghasridvr/.rbenv/versions/2.3.1/lib/ruby/gems/2.3.0/gems/actionpack-5.0.1/lib/action_dispatch/middleware/templates/rescues/_trace.html.erb
  Rendered /Users/kasubaghasridvr/.rbenv/versions/2.3.1/lib/ruby/gems/2.3.0/gems/actionpack-5.0.1/lib/action_dispatch/middleware/templates/rescues/_trace.html.erb (1.9ms)
  Rendering /Users/kasubaghasridvr/.rbenv/versions/2.3.1/lib/ruby/gems/2.3.0/gems/actionpack-5.0.1/lib/action_dispatch/middleware/templates/rescues/_request_and_response.html.erb
  Rendered /Users/kasubaghasridvr/.rbenv/versions/2.3.1/lib/ruby/gems/2.3.0/gems/actionpack-5.0.1/lib/action_dispatch/middleware/templates/rescues/_request_and_response.html.erb (0.6ms)
  Rendered /Users/kasubaghasridvr/.rbenv/versions/2.3.1/lib/ruby/gems/2.3.0/gems/actionpack-5.0.1/lib/action_dispatch/middleware/templates/rescues/template_error.html.erb within rescues/layout (60.9ms)
Started GET "/regulatory_informations" for ::1 at 2017-02-23 01:37:03 -0500
Processing by RegulatoryInformationsController#index as HTML
  Rendering regulatory_informations/index.html.erb within layouts/application
  Rendered regulatory_informations/index.html.erb within layouts/application (4.6ms)
Completed 500 Internal Server Error in 19ms


  
ActionView::Template::Error (undefined method `each' for nil:NilClass):
    16:   </thead>
    17: 
    18:   <tbody>
    19:     <% @regulatory_informations.each do |regulatory_information| %>
    20:       <tr>
    21:         <td><%= regulatory_information.nci_id %></td>
    22:         <td><%= regulatory_information.fda_regulated_drug %></td>
  
app/views/regulatory_informations/index.html.erb:19:in `_app_views_regulatory_informations_index_html_erb__2228193862910958512_70173735271540'
  Rendering /Users/kasubaghasridvr/.rbenv/versions/2.3.1/lib/ruby/gems/2.3.0/gems/actionpack-5.0.1/lib/action_dispatch/middleware/templates/rescues/template_error.html.erb within rescues/layout
  Rendering /Users/kasubaghasridvr/.rbenv/versions/2.3.1/lib/ruby/gems/2.3.0/gems/actionpack-5.0.1/lib/action_dispatch/middleware/templates/rescues/_source.html.erb
  Rendered /Users/kasubaghasridvr/.rbenv/versions/2.3.1/lib/ruby/gems/2.3.0/gems/actionpack-5.0.1/lib/action_dispatch/middleware/templates/rescues/_source.html.erb (4.0ms)
  Rendering /Users/kasubaghasridvr/.rbenv/versions/2.3.1/lib/ruby/gems/2.3.0/gems/actionpack-5.0.1/lib/action_dispatch/middleware/templates/rescues/_trace.html.erb
  Rendered /Users/kasubaghasridvr/.rbenv/versions/2.3.1/lib/ruby/gems/2.3.0/gems/actionpack-5.0.1/lib/action_dispatch/middleware/templates/rescues/_trace.html.erb (1.9ms)
  Rendering /Users/kasubaghasridvr/.rbenv/versions/2.3.1/lib/ruby/gems/2.3.0/gems/actionpack-5.0.1/lib/action_dispatch/middleware/templates/rescues/_request_and_response.html.erb
  Rendered /Users/kasubaghasridvr/.rbenv/versions/2.3.1/lib/ruby/gems/2.3.0/gems/actionpack-5.0.1/lib/action_dispatch/middleware/templates/rescues/_request_and_response.html.erb (0.9ms)
  Rendered /Users/kasubaghasridvr/.rbenv/versions/2.3.1/lib/ruby/gems/2.3.0/gems/actionpack-5.0.1/lib/action_dispatch/middleware/templates/rescues/template_error.html.erb within rescues/layout (64.6ms)
Started GET "/regulatory_informations" for ::1 at 2017-02-23 02:00:52 -0500
DEPRECATION WARNING: before_filter is deprecated and will be removed in Rails 5.1. Use before_action instead. (called from <class:RegulatoryInformationsController> at /Users/kasubaghasridvr/api/dyno_nodb/app/controllers/regulatory_informations_controller.rb:5)
Processing by RegulatoryInformationsController#index as HTML
  Rendering regulatory_informations/index.html.erb within layouts/application
  Rendered regulatory_informations/index.html.erb within layouts/application (5.5ms)
Completed 500 Internal Server Error in 20ms


  
ActionView::Template::Error (undefined method `each' for nil:NilClass):
    16:   </thead>
    17: 
    18:   <tbody>
    19:     <% @regulatory_informations.each do |regulatory_information| %>
    20:       <tr>
    21:         <td><%= regulatory_information.nci_id %></td>
    22:         <td><%= regulatory_information.fda_regulated_drug %></td>
  
app/views/regulatory_informations/index.html.erb:19:in `_app_views_regulatory_informations_index_html_erb__3580872219420516380_70239212888460'
  Rendering /Users/kasubaghasridvr/.rbenv/versions/2.3.1/lib/ruby/gems/2.3.0/gems/actionpack-5.0.1/lib/action_dispatch/middleware/templates/rescues/template_error.html.erb within rescues/layout
  Rendering /Users/kasubaghasridvr/.rbenv/versions/2.3.1/lib/ruby/gems/2.3.0/gems/actionpack-5.0.1/lib/action_dispatch/middleware/templates/rescues/_source.html.erb
  Rendered /Users/kasubaghasridvr/.rbenv/versions/2.3.1/lib/ruby/gems/2.3.0/gems/actionpack-5.0.1/lib/action_dispatch/middleware/templates/rescues/_source.html.erb (3.8ms)
  Rendering /Users/kasubaghasridvr/.rbenv/versions/2.3.1/lib/ruby/gems/2.3.0/gems/actionpack-5.0.1/lib/action_dispatch/middleware/templates/rescues/_trace.html.erb
  Rendered /Users/kasubaghasridvr/.rbenv/versions/2.3.1/lib/ruby/gems/2.3.0/gems/actionpack-5.0.1/lib/action_dispatch/middleware/templates/rescues/_trace.html.erb (1.6ms)
  Rendering /Users/kasubaghasridvr/.rbenv/versions/2.3.1/lib/ruby/gems/2.3.0/gems/actionpack-5.0.1/lib/action_dispatch/middleware/templates/rescues/_request_and_response.html.erb
  Rendered /Users/kasubaghasridvr/.rbenv/versions/2.3.1/lib/ruby/gems/2.3.0/gems/actionpack-5.0.1/lib/action_dispatch/middleware/templates/rescues/_request_and_response.html.erb (0.6ms)
  Rendered /Users/kasubaghasridvr/.rbenv/versions/2.3.1/lib/ruby/gems/2.3.0/gems/actionpack-5.0.1/lib/action_dispatch/middleware/templates/rescues/template_error.html.erb within rescues/layout (65.2ms)
Started GET "/regulatory_informations" for ::1 at 2017-02-23 02:03:29 -0500
Processing by RegulatoryInformationsController#index as HTML
  Rendering regulatory_informations/index.html.erb within layouts/application
  Rendered regulatory_informations/index.html.erb within layouts/application (4.6ms)
Completed 500 Internal Server Error in 17ms


  
ActionView::Template::Error (undefined method `each' for nil:NilClass):
    16:   </thead>
    17: 
    18:   <tbody>
    19:     <% @regulatory_informations.each do |regulatory_information| %>
    20:       <tr>
    21:         <td><%= regulatory_information.nci_id %></td>
    22:         <td><%= regulatory_information.fda_regulated_drug %></td>
  
app/views/regulatory_informations/index.html.erb:19:in `_app_views_regulatory_informations_index_html_erb___1062731338339012927_70323299960300'
  Rendering /Users/kasubaghasridvr/.rbenv/versions/2.3.1/lib/ruby/gems/2.3.0/gems/actionpack-5.0.1/lib/action_dispatch/middleware/templates/rescues/template_error.html.erb within rescues/layout
  Rendering /Users/kasubaghasridvr/.rbenv/versions/2.3.1/lib/ruby/gems/2.3.0/gems/actionpack-5.0.1/lib/action_dispatch/middleware/templates/rescues/_source.html.erb
  Rendered /Users/kasubaghasridvr/.rbenv/versions/2.3.1/lib/ruby/gems/2.3.0/gems/actionpack-5.0.1/lib/action_dispatch/middleware/templates/rescues/_source.html.erb (3.7ms)
  Rendering /Users/kasubaghasridvr/.rbenv/versions/2.3.1/lib/ruby/gems/2.3.0/gems/actionpack-5.0.1/lib/action_dispatch/middleware/templates/rescues/_trace.html.erb
  Rendered /Users/kasubaghasridvr/.rbenv/versions/2.3.1/lib/ruby/gems/2.3.0/gems/actionpack-5.0.1/lib/action_dispatch/middleware/templates/rescues/_trace.html.erb (1.9ms)
  Rendering /Users/kasubaghasridvr/.rbenv/versions/2.3.1/lib/ruby/gems/2.3.0/gems/actionpack-5.0.1/lib/action_dispatch/middleware/templates/rescues/_request_and_response.html.erb
  Rendered /Users/kasubaghasridvr/.rbenv/versions/2.3.1/lib/ruby/gems/2.3.0/gems/actionpack-5.0.1/lib/action_dispatch/middleware/templates/rescues/_request_and_response.html.erb (0.6ms)
  Rendered /Users/kasubaghasridvr/.rbenv/versions/2.3.1/lib/ruby/gems/2.3.0/gems/actionpack-5.0.1/lib/action_dispatch/middleware/templates/rescues/template_error.html.erb within rescues/layout (64.7ms)
Started GET "/regulatory_informations" for ::1 at 2017-02-23 02:06:11 -0500
Processing by RegulatoryInformationsController#index as HTML
  Rendering regulatory_informations/index.html.erb within layouts/application
  Rendered regulatory_informations/index.html.erb within layouts/application (5.8ms)
Completed 500 Internal Server Error in 21ms


  
ActionView::Template::Error (undefined method `each' for nil:NilClass):
    16:   </thead>
    17: 
    18:   <tbody>
    19:     <% @regulatory_informations.each do |regulatory_information| %>
    20:       <tr>
    21:         <td><%= regulatory_information.nci_id %></td>
    22:         <td><%= regulatory_information.fda_regulated_drug %></td>
  
app/views/regulatory_informations/index.html.erb:19:in `_app_views_regulatory_informations_index_html_erb___3928412451890038180_70297761142280'
  Rendering /Users/kasubaghasridvr/.rbenv/versions/2.3.1/lib/ruby/gems/2.3.0/gems/actionpack-5.0.1/lib/action_dispatch/middleware/templates/rescues/template_error.html.erb within rescues/layout
  Rendering /Users/kasubaghasridvr/.rbenv/versions/2.3.1/lib/ruby/gems/2.3.0/gems/actionpack-5.0.1/lib/action_dispatch/middleware/templates/rescues/_source.html.erb
  Rendered /Users/kasubaghasridvr/.rbenv/versions/2.3.1/lib/ruby/gems/2.3.0/gems/actionpack-5.0.1/lib/action_dispatch/middleware/templates/rescues/_source.html.erb (3.5ms)
  Rendering /Users/kasubaghasridvr/.rbenv/versions/2.3.1/lib/ruby/gems/2.3.0/gems/actionpack-5.0.1/lib/action_dispatch/middleware/templates/rescues/_trace.html.erb
  Rendered /Users/kasubaghasridvr/.rbenv/versions/2.3.1/lib/ruby/gems/2.3.0/gems/actionpack-5.0.1/lib/action_dispatch/middleware/templates/rescues/_trace.html.erb (1.9ms)
  Rendering /Users/kasubaghasridvr/.rbenv/versions/2.3.1/lib/ruby/gems/2.3.0/gems/actionpack-5.0.1/lib/action_dispatch/middleware/templates/rescues/_request_and_response.html.erb
  Rendered /Users/kasubaghasridvr/.rbenv/versions/2.3.1/lib/ruby/gems/2.3.0/gems/actionpack-5.0.1/lib/action_dispatch/middleware/templates/rescues/_request_and_response.html.erb (0.6ms)
  Rendered /Users/kasubaghasridvr/.rbenv/versions/2.3.1/lib/ruby/gems/2.3.0/gems/actionpack-5.0.1/lib/action_dispatch/middleware/templates/rescues/template_error.html.erb within rescues/layout (65.5ms)
Started GET "/regulatory_informations" for ::1 at 2017-02-23 02:07:21 -0500
Processing by RegulatoryInformationsController#index as HTML
***** Before Calling  ******
Completed 500 Internal Server Error in 110ms


  
NameError (uninitialized constant RegulatoryInformationsController::RegulatoryInformation):
  
app/controllers/regulatory_informations_controller.rb:9:in `block in <class:RegulatoryInformationsController>'
  Rendering /Users/kasubaghasridvr/.rbenv/versions/2.3.1/lib/ruby/gems/2.3.0/gems/actionpack-5.0.1/lib/action_dispatch/middleware/templates/rescues/diagnostics.html.erb within rescues/layout
  Rendering /Users/kasubaghasridvr/.rbenv/versions/2.3.1/lib/ruby/gems/2.3.0/gems/actionpack-5.0.1/lib/action_dispatch/middleware/templates/rescues/_source.html.erb
  Rendered /Users/kasubaghasridvr/.rbenv/versions/2.3.1/lib/ruby/gems/2.3.0/gems/actionpack-5.0.1/lib/action_dispatch/middleware/templates/rescues/_source.html.erb (2.9ms)
  Rendering /Users/kasubaghasridvr/.rbenv/versions/2.3.1/lib/ruby/gems/2.3.0/gems/actionpack-5.0.1/lib/action_dispatch/middleware/templates/rescues/_trace.html.erb
  Rendered /Users/kasubaghasridvr/.rbenv/versions/2.3.1/lib/ruby/gems/2.3.0/gems/actionpack-5.0.1/lib/action_dispatch/middleware/templates/rescues/_trace.html.erb (1.4ms)
  Rendering /Users/kasubaghasridvr/.rbenv/versions/2.3.1/lib/ruby/gems/2.3.0/gems/actionpack-5.0.1/lib/action_dispatch/middleware/templates/rescues/_request_and_response.html.erb
  Rendered /Users/kasubaghasridvr/.rbenv/versions/2.3.1/lib/ruby/gems/2.3.0/gems/actionpack-5.0.1/lib/action_dispatch/middleware/templates/rescues/_request_and_response.html.erb (0.6ms)
  Rendered /Users/kasubaghasridvr/.rbenv/versions/2.3.1/lib/ruby/gems/2.3.0/gems/actionpack-5.0.1/lib/action_dispatch/middleware/templates/rescues/diagnostics.html.erb within rescues/layout (61.3ms)
Started GET "/regulatory_informations" for ::1 at 2017-02-23 02:08:15 -0500
Processing by RegulatoryInformationsController#index as HTML
Completed 500 Internal Server Error in 86ms


  
NameError (uninitialized constant RegulatoryInformationsController::RegulatoryInformation):
  
app/controllers/regulatory_informations_controller.rb:9:in `block in <class:RegulatoryInformationsController>'
  Rendering /Users/kasubaghasridvr/.rbenv/versions/2.3.1/lib/ruby/gems/2.3.0/gems/actionpack-5.0.1/lib/action_dispatch/middleware/templates/rescues/diagnostics.html.erb within rescues/layout
  Rendering /Users/kasubaghasridvr/.rbenv/versions/2.3.1/lib/ruby/gems/2.3.0/gems/actionpack-5.0.1/lib/action_dispatch/middleware/templates/rescues/_source.html.erb
  Rendered /Users/kasubaghasridvr/.rbenv/versions/2.3.1/lib/ruby/gems/2.3.0/gems/actionpack-5.0.1/lib/action_dispatch/middleware/templates/rescues/_source.html.erb (2.9ms)
  Rendering /Users/kasubaghasridvr/.rbenv/versions/2.3.1/lib/ruby/gems/2.3.0/gems/actionpack-5.0.1/lib/action_dispatch/middleware/templates/rescues/_trace.html.erb
  Rendered /Users/kasubaghasridvr/.rbenv/versions/2.3.1/lib/ruby/gems/2.3.0/gems/actionpack-5.0.1/lib/action_dispatch/middleware/templates/rescues/_trace.html.erb (1.2ms)
  Rendering /Users/kasubaghasridvr/.rbenv/versions/2.3.1/lib/ruby/gems/2.3.0/gems/actionpack-5.0.1/lib/action_dispatch/middleware/templates/rescues/_request_and_response.html.erb
  Rendered /Users/kasubaghasridvr/.rbenv/versions/2.3.1/lib/ruby/gems/2.3.0/gems/actionpack-5.0.1/lib/action_dispatch/middleware/templates/rescues/_request_and_response.html.erb (0.7ms)
  Rendered /Users/kasubaghasridvr/.rbenv/versions/2.3.1/lib/ruby/gems/2.3.0/gems/actionpack-5.0.1/lib/action_dispatch/middleware/templates/rescues/diagnostics.html.erb within rescues/layout (58.3ms)
Started GET "/regulatory_informations" for ::1 at 2017-02-23 02:15:49 -0500
Processing by RegulatoryInformationsController#index as HTML
Completed 500 Internal Server Error in 106ms


  
NameError (uninitialized constant RegulatoryInformationsController::RegulatoryInformation):
  
app/controllers/regulatory_informations_controller.rb:9:in `block in <class:RegulatoryInformationsController>'
  Rendering /Users/kasubaghasridvr/.rbenv/versions/2.3.1/lib/ruby/gems/2.3.0/gems/actionpack-5.0.1/lib/action_dispatch/middleware/templates/rescues/diagnostics.html.erb within rescues/layout
  Rendering /Users/kasubaghasridvr/.rbenv/versions/2.3.1/lib/ruby/gems/2.3.0/gems/actionpack-5.0.1/lib/action_dispatch/middleware/templates/rescues/_source.html.erb
  Rendered /Users/kasubaghasridvr/.rbenv/versions/2.3.1/lib/ruby/gems/2.3.0/gems/actionpack-5.0.1/lib/action_dispatch/middleware/templates/rescues/_source.html.erb (3.1ms)
  Rendering /Users/kasubaghasridvr/.rbenv/versions/2.3.1/lib/ruby/gems/2.3.0/gems/actionpack-5.0.1/lib/action_dispatch/middleware/templates/rescues/_trace.html.erb
  Rendered /Users/kasubaghasridvr/.rbenv/versions/2.3.1/lib/ruby/gems/2.3.0/gems/actionpack-5.0.1/lib/action_dispatch/middleware/templates/rescues/_trace.html.erb (1.5ms)
  Rendering /Users/kasubaghasridvr/.rbenv/versions/2.3.1/lib/ruby/gems/2.3.0/gems/actionpack-5.0.1/lib/action_dispatch/middleware/templates/rescues/_request_and_response.html.erb
  Rendered /Users/kasubaghasridvr/.rbenv/versions/2.3.1/lib/ruby/gems/2.3.0/gems/actionpack-5.0.1/lib/action_dispatch/middleware/templates/rescues/_request_and_response.html.erb (0.6ms)
  Rendered /Users/kasubaghasridvr/.rbenv/versions/2.3.1/lib/ruby/gems/2.3.0/gems/actionpack-5.0.1/lib/action_dispatch/middleware/templates/rescues/diagnostics.html.erb within rescues/layout (61.4ms)
Started GET "/regulatory_informations" for ::1 at 2017-02-23 02:19:18 -0500
Processing by RegulatoryInformationsController#index as HTML
Completed 500 Internal Server Error in 108ms


  
NameError (uninitialized constant RegulatoryInformationsController::RegulatoryInformation):
  
app/controllers/regulatory_informations_controller.rb:9:in `block in <class:RegulatoryInformationsController>'
Started GET "/regulatory_informations" for ::1 at 2017-02-23 02:51:16 -0500
Processing by RegulatoryInformationsController#index as HTML
  Rendering regulatory_informations/index.html.erb within layouts/application
  Rendered regulatory_informations/index.html.erb within layouts/application (5.3ms)
Completed 500 Internal Server Error in 20ms


  
ActionView::Template::Error (undefined method `each' for nil:NilClass):
    16:   </thead>
    17: 
    18:   <tbody>
    19:     <% @regulatory_informations.each do |regulatory_information| %>
    20:       <tr>
    21:         <td><%= regulatory_information.nci_id %></td>
    22:         <td><%= regulatory_information.fda_regulated_drug %></td>
  
app/views/regulatory_informations/index.html.erb:19:in `_app_views_regulatory_informations_index_html_erb___4270617312201998961_70362323404460'
  Rendering /Users/kasubaghasridvr/.rbenv/versions/2.3.1/lib/ruby/gems/2.3.0/gems/actionpack-5.0.1/lib/action_dispatch/middleware/templates/rescues/template_error.html.erb within rescues/layout
  Rendering /Users/kasubaghasridvr/.rbenv/versions/2.3.1/lib/ruby/gems/2.3.0/gems/actionpack-5.0.1/lib/action_dispatch/middleware/templates/rescues/_source.html.erb
  Rendered /Users/kasubaghasridvr/.rbenv/versions/2.3.1/lib/ruby/gems/2.3.0/gems/actionpack-5.0.1/lib/action_dispatch/middleware/templates/rescues/_source.html.erb (4.5ms)
  Rendering /Users/kasubaghasridvr/.rbenv/versions/2.3.1/lib/ruby/gems/2.3.0/gems/actionpack-5.0.1/lib/action_dispatch/middleware/templates/rescues/_trace.html.erb
  Rendered /Users/kasubaghasridvr/.rbenv/versions/2.3.1/lib/ruby/gems/2.3.0/gems/actionpack-5.0.1/lib/action_dispatch/middleware/templates/rescues/_trace.html.erb (1.9ms)
  Rendering /Users/kasubaghasridvr/.rbenv/versions/2.3.1/lib/ruby/gems/2.3.0/gems/actionpack-5.0.1/lib/action_dispatch/middleware/templates/rescues/_request_and_response.html.erb
  Rendered /Users/kasubaghasridvr/.rbenv/versions/2.3.1/lib/ruby/gems/2.3.0/gems/actionpack-5.0.1/lib/action_dispatch/middleware/templates/rescues/_request_and_response.html.erb (0.7ms)
  Rendered /Users/kasubaghasridvr/.rbenv/versions/2.3.1/lib/ruby/gems/2.3.0/gems/actionpack-5.0.1/lib/action_dispatch/middleware/templates/rescues/template_error.html.erb within rescues/layout (61.6ms)
Started GET "/regulatory_informations" for ::1 at 2017-02-23 02:52:07 -0500
Processing by RegulatoryInformationsController#index as HTML
  Rendering regulatory_informations/index.html.erb within layouts/application
  Rendered regulatory_informations/index.html.erb within layouts/application (3.0ms)
Completed 500 Internal Server Error in 7ms


  
ActionView::Template::Error (undefined method `each' for nil:NilClass):
    16:   </thead>
    17: 
    18:   <tbody>
    19:     <% @regulatory_informations.each do |regulatory_information| %>
    20:       <tr>
    21:         <td><%= regulatory_information.nci_id %></td>
    22:         <td><%= regulatory_information.fda_regulated_drug %></td>
  
app/views/regulatory_informations/index.html.erb:19:in `_app_views_regulatory_informations_index_html_erb___4270617312201998961_70362332623020'
  Rendering /Users/kasubaghasridvr/.rbenv/versions/2.3.1/lib/ruby/gems/2.3.0/gems/actionpack-5.0.1/lib/action_dispatch/middleware/templates/rescues/template_error.html.erb within rescues/layout
  Rendering /Users/kasubaghasridvr/.rbenv/versions/2.3.1/lib/ruby/gems/2.3.0/gems/actionpack-5.0.1/lib/action_dispatch/middleware/templates/rescues/_source.html.erb
  Rendered /Users/kasubaghasridvr/.rbenv/versions/2.3.1/lib/ruby/gems/2.3.0/gems/actionpack-5.0.1/lib/action_dispatch/middleware/templates/rescues/_source.html.erb (2.7ms)
  Rendering /Users/kasubaghasridvr/.rbenv/versions/2.3.1/lib/ruby/gems/2.3.0/gems/actionpack-5.0.1/lib/action_dispatch/middleware/templates/rescues/_trace.html.erb
  Rendered /Users/kasubaghasridvr/.rbenv/versions/2.3.1/lib/ruby/gems/2.3.0/gems/actionpack-5.0.1/lib/action_dispatch/middleware/templates/rescues/_trace.html.erb (1.4ms)
  Rendering /Users/kasubaghasridvr/.rbenv/versions/2.3.1/lib/ruby/gems/2.3.0/gems/actionpack-5.0.1/lib/action_dispatch/middleware/templates/rescues/_request_and_response.html.erb
  Rendered /Users/kasubaghasridvr/.rbenv/versions/2.3.1/lib/ruby/gems/2.3.0/gems/actionpack-5.0.1/lib/action_dispatch/middleware/templates/rescues/_request_and_response.html.erb (0.5ms)
  Rendered /Users/kasubaghasridvr/.rbenv/versions/2.3.1/lib/ruby/gems/2.3.0/gems/actionpack-5.0.1/lib/action_dispatch/middleware/templates/rescues/template_error.html.erb within rescues/layout (54.5ms)
